<?xml version="1.0" encoding="UTF-8"?>
<!-- Generated by org.testng.reporters.JUnitXMLReporter -->
<testsuite hostname="DESKTOP-M2IH1P5" name="Test" tests="1" failures="1" timestamp="25 Sep 2020 13:45:05 GMT" time="0.194" errors="0">
  <testcase name="test01" time="0.0" classname="com.jbk.utilities.DataProviderWithExcel">
    <failure type="org.testng.TestNGException" message="
Some DataProvider public java.lang.Object[][] com.jbk.utilities.DataProviderWithExcel.getData(java.lang.String,java.lang.String) throws java.lang.Exception parameters unresolved:  at 0 type class java.lang.String
 at 1 type class java.lang.String
">
      <![CDATA[org.testng.TestNGException: 
Some DataProvider public java.lang.Object[][] com.jbk.utilities.DataProviderWithExcel.getData(java.lang.String,java.lang.String) throws java.lang.Exception parameters unresolved:  at 0 type class java.lang.String
 at 1 type class java.lang.String

... Removed 23 stack frames]]>
    </failure>
  </testcase> <!-- test01 -->
</testsuite> <!-- Test -->
